<?xml version="1.0" encoding="UTF-8"?>
<testng-results ignored="0" total="1" passed="1" failed="0" skipped="0">
  <reporter-output>
  </reporter-output>
  <suite started-at="2024-10-16T02:47:56Z" name="Default suite" finished-at="2024-10-16T02:48:01Z" duration-ms="5541">
    <groups>
    </groups>
    <test started-at="2024-10-16T02:47:56Z" name="Default test" finished-at="2024-10-16T02:48:01Z" duration-ms="5541">
      <class name="Reports.SingletonReportTest">
        <test-method is-config="true" signature="setUp()[pri:0, instance:Reports.SingletonReportTest@5b7a7f33]" started-at="2024-10-16T08:17:56Z" name="setUp" finished-at="2024-10-16T08:17:57Z" duration-ms="1621" status="PASS">
          <reporter-output>
          </reporter-output>
        </test-method> <!-- setUp -->
        <test-method signature="sampleTestWithSingleton()[pri:0, instance:Reports.SingletonReportTest@5b7a7f33]" started-at="2024-10-16T08:17:57Z" name="sampleTestWithSingleton" finished-at="2024-10-16T08:18:01Z" duration-ms="3559" status="PASS">
          <reporter-output>
          </reporter-output>
        </test-method> <!-- sampleTestWithSingleton -->
        <test-method is-config="true" signature="tearDown()[pri:0, instance:Reports.SingletonReportTest@5b7a7f33]" started-at="2024-10-16T08:18:01Z" name="tearDown" finished-at="2024-10-16T08:18:01Z" duration-ms="351" status="PASS">
          <reporter-output>
          </reporter-output>
        </test-method> <!-- tearDown -->
      </class> <!-- Reports.SingletonReportTest -->
    </test> <!-- Default test -->
  </suite> <!-- Default suite -->
</testng-results>
